<?xml version="1.0" encoding="UTF-8"?>
<!-- Generated by org.testng.reporters.JUnitReportReporter -->
<testsuite skipped="0" hostname="DESKTOP-AMSG348" name="seleniumPractice.TC03" tests="1" failures="0" timestamp="01 Mar 2020 07:22:41 GMT" time="22.700" errors="0">
  <testcase name="selectDatesFromCalendar" time="22.700" classname="seleniumPractice.TC03"/>
</testsuite> <!-- seleniumPractice.TC03 -->
