<?xml version="1.0" encoding="UTF-8"?>
<!-- Generated by org.testng.reporters.JUnitReportReporter -->
<testsuite skipped="0" hostname="DESKTOP-AMSG348" name="org.techAltum.com.TC03" tests="1" failures="0" timestamp="2020-02-29T13:29:32 IST" time="19.248" errors="0">
  <testcase name="selectDatesFromCalendar" time="19.248" classname="org.techAltum.com.TC03"/>
</testsuite> <!-- org.techAltum.com.TC03 -->
