<?xml version="1.0" encoding="UTF-8"?>
<!-- Generated by org.testng.reporters.JUnitReportReporter -->
<testsuite skipped="0" hostname="DESKTOP-AMSG348" name="seleniumPractice.TC03" tests="1" failures="0" timestamp="29 Feb 2020 08:37:54 GMT" time="17.404" errors="0">
  <testcase name="selectDatesFromCalendar" time="17.404" classname="seleniumPractice.TC03"/>
</testsuite> <!-- seleniumPractice.TC03 -->
