<?xml version="1.0" encoding="UTF-8"?>
<!-- Generated by org.testng.reporters.JUnitReportReporter -->
<testsuite skipped="0" hostname="DESKTOP-AMSG348" name="org.dataReadres.com.ReadDataFrmXL" tests="1" failures="0" timestamp="2020-02-22T13:08:45 IST" time="0.187" errors="0">
  <testcase name="readDataFrmXL" time="0.187" classname="org.dataReadres.com.ReadDataFrmXL"/>
</testsuite> <!-- org.dataReadres.com.ReadDataFrmXL -->
