<?xml version="1.0" encoding="UTF-8"?>
<!-- Generated by org.testng.reporters.JUnitReportReporter -->
<testsuite skipped="0" hostname="DESKTOP-AMSG348" name="javaP.ClassA1" tests="1" failures="0" timestamp="2020-02-16T13:13:12 IST" time="0.010" errors="0">
  <testcase name="listExample" time="0.010" classname="javaP.ClassA1"/>
</testsuite> <!-- javaP.ClassA1 -->
