<?xml version="1.0" encoding="UTF-8"?>
<!-- Generated by org.testng.reporters.JUnitReportReporter -->
<testsuite skipped="0" hostname="DESKTOP-AMSG348" name="org.dataReadres.com.ReadDataFromPropFile" tests="1" failures="0" timestamp="2020-02-22T13:25:28 IST" time="0.008" errors="0">
  <testcase name="readDataFromPropFile" time="0.008" classname="org.dataReadres.com.ReadDataFromPropFile"/>
</testsuite> <!-- org.dataReadres.com.ReadDataFromPropFile -->
