<?xml version="1.0" encoding="UTF-8"?>
<!-- Generated by org.testng.reporters.JUnitReportReporter -->
<testsuite skipped="0" hostname="DESKTOP-AMSG348" name="org.techAltum.com.TC02" tests="1" failures="0" timestamp="2020-02-29T13:16:03 IST" time="34.635" errors="0">
  <testcase name="handleMultipleWindows" time="34.635" classname="org.techAltum.com.TC02"/>
</testsuite> <!-- org.techAltum.com.TC02 -->
